{"reason":"compiler-message","package_id":"path+file:///Users/home/Desktop/rust-exercises/twelve-days-print-lyrics#0.1.0","manifest_path":"/Users/home/Desktop/rust-exercises/twelve-days-print-lyrics/Cargo.toml","target":{"kind":["bin"],"crate_types":["bin"],"name":"twelve-days-print-lyrics","src_path":"/Users/home/Desktop/rust-exercises/twelve-days-print-lyrics/src/main.rs","edition":"2024","doc":true,"doctest":false,"test":true},"message":{"$message_type":"diagnostic","message":"cannot find function `print_gifts` in this scope","code":{"code":"E0425","explanation":"An unresolved name was used.\n\nErroneous code examples:\n\n```compile_fail,E0425\nsomething_that_doesnt_exist::foo;\n// error: unresolved name `something_that_doesnt_exist::foo`\n\n// or:\n\ntrait Foo {\n    fn bar() {\n        Self; // error: unresolved name `Self`\n    }\n}\n\n// or:\n\nlet x = unknown_variable;  // error: unresolved name `unknown_variable`\n```\n\nPlease verify that the name wasn't misspelled and ensure that the\nidentifier being referred to is valid for the given situation. Example:\n\n```\nenum something_that_does_exist {\n    Foo,\n}\n```\n\nOr:\n\n```\nmod something_that_does_exist {\n    pub static foo : i32 = 0i32;\n}\n\nsomething_that_does_exist::foo; // ok!\n```\n\nOr:\n\n```\nlet unknown_variable = 12u32;\nlet x = unknown_variable; // ok!\n```\n\nIf the item is not defined in the current module, it must be imported using a\n`use` statement, like so:\n\n```\n# mod foo { pub fn bar() {} }\n# fn main() {\nuse foo::bar;\nbar();\n# }\n```\n\nIf the item you are importing is not defined in some super-module of the\ncurrent module, then it must also be declared as public (e.g., `pub fn`).\n"},"level":"error","spans":[{"file_name":"src/main.rs","byte_start":74,"byte_end":85,"line_start":4,"line_end":4,"column_start":9,"column_end":20,"is_primary":true,"text":[{"text":"        print_gifts(day);","highlight_start":9,"highlight_end":20}],"label":"not found in this scope","suggested_replacement":null,"suggestion_applicability":null,"expansion":null}],"children":[],"rendered":"\u001b[1m\u001b[91merror[E0425]\u001b[0m\u001b[1m: cannot find function `print_gifts` in this scope\u001b[0m\n \u001b[1m\u001b[94m--> \u001b[0msrc/main.rs:4:9\n  \u001b[1m\u001b[94m|\u001b[0m\n\u001b[1m\u001b[94m4\u001b[0m \u001b[1m\u001b[94m|\u001b[0m         print_gifts(day);\n  \u001b[1m\u001b[94m|\u001b[0m         \u001b[1m\u001b[91m^^^^^^^^^^^\u001b[0m \u001b[1m\u001b[91mnot found in this scope\u001b[0m\n\n"}}
{"reason":"compiler-message","package_id":"path+file:///Users/home/Desktop/rust-exercises/twelve-days-print-lyrics#0.1.0","manifest_path":"/Users/home/Desktop/rust-exercises/twelve-days-print-lyrics/Cargo.toml","target":{"kind":["bin"],"crate_types":["bin"],"name":"twelve-days-print-lyrics","src_path":"/Users/home/Desktop/rust-exercises/twelve-days-print-lyrics/src/main.rs","edition":"2024","doc":true,"doctest":false,"test":true},"message":{"$message_type":"diagnostic","message":"cannot find function `print_gifts` in this scope","code":{"code":"E0425","explanation":"An unresolved name was used.\n\nErroneous code examples:\n\n```compile_fail,E0425\nsomething_that_doesnt_exist::foo;\n// error: unresolved name `something_that_doesnt_exist::foo`\n\n// or:\n\ntrait Foo {\n    fn bar() {\n        Self; // error: unresolved name `Self`\n    }\n}\n\n// or:\n\nlet x = unknown_variable;  // error: unresolved name `unknown_variable`\n```\n\nPlease verify that the name wasn't misspelled and ensure that the\nidentifier being referred to is valid for the given situation. Example:\n\n```\nenum something_that_does_exist {\n    Foo,\n}\n```\n\nOr:\n\n```\nmod something_that_does_exist {\n    pub static foo : i32 = 0i32;\n}\n\nsomething_that_does_exist::foo; // ok!\n```\n\nOr:\n\n```\nlet unknown_variable = 12u32;\nlet x = unknown_variable; // ok!\n```\n\nIf the item is not defined in the current module, it must be imported using a\n`use` statement, like so:\n\n```\n# mod foo { pub fn bar() {} }\n# fn main() {\nuse foo::bar;\nbar();\n# }\n```\n\nIf the item you are importing is not defined in some super-module of the\ncurrent module, then it must also be declared as public (e.g., `pub fn`).\n"},"level":"error","spans":[{"file_name":"src/main.rs","byte_start":74,"byte_end":85,"line_start":4,"line_end":4,"column_start":9,"column_end":20,"is_primary":true,"text":[{"text":"        print_gifts(day);","highlight_start":9,"highlight_end":20}],"label":"not found in this scope","suggested_replacement":null,"suggestion_applicability":null,"expansion":null}],"children":[],"rendered":"\u001b[1m\u001b[91merror[E0425]\u001b[0m\u001b[1m: cannot find function `print_gifts` in this scope\u001b[0m\n \u001b[1m\u001b[94m--> \u001b[0msrc/main.rs:4:9\n  \u001b[1m\u001b[94m|\u001b[0m\n\u001b[1m\u001b[94m4\u001b[0m \u001b[1m\u001b[94m|\u001b[0m         print_gifts(day);\n  \u001b[1m\u001b[94m|\u001b[0m         \u001b[1m\u001b[91m^^^^^^^^^^^\u001b[0m \u001b[1m\u001b[91mnot found in this scope\u001b[0m\n\n"}}
{"reason":"compiler-message","package_id":"path+file:///Users/home/Desktop/rust-exercises/twelve-days-print-lyrics#0.1.0","manifest_path":"/Users/home/Desktop/rust-exercises/twelve-days-print-lyrics/Cargo.toml","target":{"kind":["bin"],"crate_types":["bin"],"name":"twelve-days-print-lyrics","src_path":"/Users/home/Desktop/rust-exercises/twelve-days-print-lyrics/src/main.rs","edition":"2024","doc":true,"doctest":false,"test":true},"message":{"$message_type":"diagnostic","message":"For more information about this error, try `rustc --explain E0425`.","code":null,"level":"failure-note","spans":[],"children":[],"rendered":"\u001b[1mFor more information about this error, try `rustc --explain E0425`.\u001b[0m\n"}}
{"reason":"compiler-message","package_id":"path+file:///Users/home/Desktop/rust-exercises/twelve-days-print-lyrics#0.1.0","manifest_path":"/Users/home/Desktop/rust-exercises/twelve-days-print-lyrics/Cargo.toml","target":{"kind":["bin"],"crate_types":["bin"],"name":"twelve-days-print-lyrics","src_path":"/Users/home/Desktop/rust-exercises/twelve-days-print-lyrics/src/main.rs","edition":"2024","doc":true,"doctest":false,"test":true},"message":{"$message_type":"diagnostic","message":"For more information about this error, try `rustc --explain E0425`.","code":null,"level":"failure-note","spans":[],"children":[],"rendered":"\u001b[1mFor more information about this error, try `rustc --explain E0425`.\u001b[0m\n"}}
{"reason":"build-finished","success":false}
